<?xml version="1.0" encoding="UTF-8"?>
<testsuite name="Yo como usuario requiero realizar una reserva para cartagena y pagar con tarjeta de credito" tests="3" skipped="0" failures="0" errors="0" timestamp="2022-03-29T21:56:31" hostname="DESKTOP-O8KJUUU" time="211.065">
  <properties/>
  <testcase name="yo como usuario requiero realizar una reserva y pagar con tarjeta de credito validando que soy" classname="Yo como usuario requiero realizar una reserva para cartagena y pagar con tarjeta de credito" time="101.547"/>
  <testcase name="yo como usuario requiero realizar una reserva y pagar con tarjeta de credito validando" classname="Yo como usuario requiero realizar una reserva para cartagena y pagar con tarjeta de credito" time="58.877"/>
  <testcase name="yo como usuario requiero realizar una reserva y validar si es posible pagar con con tarjeta" classname="Yo como usuario requiero realizar una reserva para cartagena y pagar con tarjeta de credito" time="50.641"/>
  <system-out><![CDATA[]]></system-out>
  <system-err><![CDATA[Starting ChromeDriver 99.0.4844.51 (d537ec02474b5afe23684e7963d538896c63ac77-refs/branch-heads/4844@{#875}) on port 62016
Only local connections are allowed.
Please see https://chromedriver.chromium.org/security-considerations for suggestions on keeping ChromeDriver safe.
ChromeDriver was started successfully.
mar. 29, 2022 4:56:50 P. M. org.openqa.selenium.remote.ProtocolHandshake createSession
INFO: Detected dialect: W3C
mar. 29, 2022 4:56:50 P. M. org.openqa.selenium.devtools.CdpVersionFinder findNearestMatch
WARNING: Unable to find an exact match for CDP version 99, so returning the closest version found: 97
mar. 29, 2022 4:56:50 P. M. org.openqa.selenium.devtools.CdpVersionFinder findNearestMatch
INFO: Found CDP implementation for version 99 of 97
Starting ChromeDriver 99.0.4844.51 (d537ec02474b5afe23684e7963d538896c63ac77-refs/branch-heads/4844@{#875}) on port 63670
Only local connections are allowed.
Please see https://chromedriver.chromium.org/security-considerations for suggestions on keeping ChromeDriver safe.
ChromeDriver was started successfully.
mar. 29, 2022 4:58:15 P. M. org.openqa.selenium.remote.ProtocolHandshake createSession
INFO: Detected dialect: W3C
mar. 29, 2022 4:58:15 P. M. org.openqa.selenium.devtools.CdpVersionFinder findNearestMatch
WARNING: Unable to find an exact match for CDP version 99, so returning the closest version found: 97
mar. 29, 2022 4:58:15 P. M. org.openqa.selenium.devtools.CdpVersionFinder findNearestMatch
INFO: Found CDP implementation for version 99 of 97
Starting ChromeDriver 99.0.4844.51 (d537ec02474b5afe23684e7963d538896c63ac77-refs/branch-heads/4844@{#875}) on port 58734
Only local connections are allowed.
Please see https://chromedriver.chromium.org/security-considerations for suggestions on keeping ChromeDriver safe.
ChromeDriver was started successfully.
mar. 29, 2022 4:59:13 P. M. org.openqa.selenium.remote.ProtocolHandshake createSession
INFO: Detected dialect: W3C
mar. 29, 2022 4:59:13 P. M. org.openqa.selenium.devtools.CdpVersionFinder findNearestMatch
WARNING: Unable to find an exact match for CDP version 99, so returning the closest version found: 97
mar. 29, 2022 4:59:13 P. M. org.openqa.selenium.devtools.CdpVersionFinder findNearestMatch
INFO: Found CDP implementation for version 99 of 97
]]></system-err>
</testsuite>
