<?xml version="1.0" encoding="UTF-8"?>
<testsuite name="Yo como usuario requiero reservar un hotel en santa marta con disponibilidad" tests="1" skipped="0" failures="0" errors="0" timestamp="2022-03-29T16:33:53" hostname="DESKTOP-O8KJUUU" time="101.472">
  <properties/>
  <testcase name="El usuario ejecutará los tres pasos requeridos para realizar la reserva de un hotel de forma exitosa." classname="Yo como usuario requiero reservar un hotel en santa marta con disponibilidad" time="101.472"/>
  <system-out><![CDATA[------------ Holiiiiiiiiiiiiiiiiii----------Duración total de la estancia:
]]></system-out>
  <system-err><![CDATA[Starting ChromeDriver 99.0.4844.51 (d537ec02474b5afe23684e7963d538896c63ac77-refs/branch-heads/4844@{#875}) on port 49204
Only local connections are allowed.
Please see https://chromedriver.chromium.org/security-considerations for suggestions on keeping ChromeDriver safe.
ChromeDriver was started successfully.
mar. 29, 2022 11:34:14 A. M. org.openqa.selenium.remote.ProtocolHandshake createSession
INFO: Detected dialect: W3C
mar. 29, 2022 11:34:14 A. M. org.openqa.selenium.devtools.CdpVersionFinder findNearestMatch
WARNING: Unable to find an exact match for CDP version 99, so returning the closest version found: 97
mar. 29, 2022 11:34:14 A. M. org.openqa.selenium.devtools.CdpVersionFinder findNearestMatch
INFO: Found CDP implementation for version 99 of 97
]]></system-err>
</testsuite>
